<<<<<<< HEAD
{"ctx":{"api":{"config":{},"raw":{},"token":"7664776836:AAE4-2kZFPZmDeGk4YRaRCqWsR78bgCeylI"},"match":"","me":{"can_connect_to_business":false,"can_join_groups":true,"can_read_all_group_messages":false,"first_name":"U821466-321_bot","has_main_web_app":false,"id":7664776836,"is_bot":true,"supports_inline_queries":false,"username":"U821466_bot"},"update":{"message":{"chat":{"first_name":"MR. White","id":7580426932,"type":"private","username":"mr_white99999"},"date":1750332475,"entities":[{"length":6,"offset":0,"type":"bot_command"}],"from":{"first_name":"MR. White","id":7580426932,"is_bot":false,"language_code":"en","username":"mr_white99999"},"message_id":1,"text":"/start"},"update_id":420908991}},"error":{"description":"Bad Request: message can't be edited","error_code":400,"method":"editMessageText","name":"GrammyError","ok":false,"parameters":{},"payload":{"chat_id":7580426932,"message_id":1,"parse_mode":"Markdown","reply_markup":{"inline_keyboard":[[{"callback_data":"set_msg","text":"Set Message"}],[{"callback_data":"set_time","text":"Set Time"}],[]]},"text":"Welcome to main Menu:"}},"level":"error","name":"BotError","timestamp":"2025-06-19T11:27:55.596Z"}
{"description":"Bad Request: chat not found","error_code":400,"level":"error","method":"sendMessage","name":"GrammyError","ok":false,"parameters":{},"payload":{"chat_id":4880467474,"text":"this is a test"},"timestamp":"2025-06-19T20:14:43.349Z"}
{"description":"Bad Request: chat not found","error_code":400,"level":"error","method":"sendMessage","name":"GrammyError","ok":false,"parameters":{},"payload":{"chat_id":4880467474,"text":"this is a test"},"timestamp":"2025-06-19T20:14:45.475Z"}
{"description":"Bad Request: chat not found","error_code":400,"level":"error","method":"sendMessage","name":"GrammyError","ok":false,"parameters":{},"payload":{"chat_id":4880467474,"text":"this is a test"},"timestamp":"2025-06-19T20:14:45.878Z"}
{"description":"Bad Request: chat not found","error_code":400,"level":"error","method":"sendMessage","name":"GrammyError","ok":false,"parameters":{},"payload":{"chat_id":4880467474,"text":"this is a test"},"timestamp":"2025-06-19T20:14:46.545Z"}
{"level":"debug","message":"Failed to delete message ","timestamp":"2025-06-19T23:46:39.440Z"}
{"level":"debug","message":"Failed to delete message ","timestamp":"2025-06-19T23:46:39.507Z"}
{"level":"debug","message":"Failed to delete message ","timestamp":"2025-06-20T13:24:31.514Z"}
{"level":"debug","message":"Failed to delete message ","timestamp":"2025-06-20T13:25:02.660Z"}
{"level":"debug","message":"Failed to delete message ","timestamp":"2025-06-20T21:17:44.537Z"}
{"level":"debug","message":"Failed to delete message ","timestamp":"2025-06-20T21:18:18.868Z"}
{"level":"debug","message":"Failed to delete message ","timestamp":"2025-06-20T21:28:55.822Z"}
{"level":"debug","message":"Failed to delete message ","timestamp":"2025-06-20T21:38:28.688Z"}
{"level":"debug","message":"Failed to delete message ","timestamp":"2025-06-20T21:38:58.503Z"}
{"level":"debug","message":"Failed to delete message ","timestamp":"2025-06-20T21:44:52.494Z"}
{"level":"debug","message":"Failed to delete message ","timestamp":"2025-06-20T22:42:37.690Z"}
{"level":"debug","message":"Failed to delete message ","timestamp":"2025-06-20T22:43:52.875Z"}
{"level":"debug","message":"Failed to delete message ","timestamp":"2025-06-20T22:44:57.490Z"}
{"level":"error","timestamp":"2025-06-20T23:09:41.132Z"}
=======

>>>>>>> 3b8c3a9f253a583485fd2ba582b40d4722555506
{"level":"debug","message":"Failed to delete message ","timestamp":"2025-06-20T23:16:20.947Z"}
{"level":"debug","message":"Failed to delete message ","timestamp":"2025-06-20T23:17:32.721Z"}
{"level":"debug","message":"Failed to delete message ","timestamp":"2025-06-21T06:18:43.384Z"}
{"level":"debug","message":"Failed to delete message ","timestamp":"2025-06-21T06:27:53.728Z"}
{"level":"debug","message":"Failed to delete message ","timestamp":"2025-06-21T06:28:43.076Z"}
{"level":"debug","message":"Failed to delete message ","timestamp":"2025-06-21T06:39:28.496Z"}
{"level":"debug","message":"Failed to delete message ","timestamp":"2025-06-21T07:08:31.719Z"}
{"level":"debug","message":"Failed to delete message ","timestamp":"2025-06-21T07:36:19.643Z"}
{"level":"debug","message":"Failed to delete message ","timestamp":"2025-06-21T07:36:29.468Z"}
{"level":"debug","message":"Failed to delete message ","timestamp":"2025-06-21T07:36:32.877Z"}
{"level":"debug","message":"Failed to delete message ","timestamp":"2025-06-21T07:36:51.835Z"}
{"level":"debug","message":"Failed to delete message ","timestamp":"2025-06-21T07:37:03.288Z"}
{"level":"debug","message":"Failed to delete message ","timestamp":"2025-06-21T07:37:07.184Z"}
{"level":"debug","message":"Failed to delete message ","timestamp":"2025-06-21T11:06:36.273Z"}
{"level":"debug","message":"Failed to delete message ","timestamp":"2025-06-21T11:36:36.666Z"}
{"level":"debug","message":"Failed to delete message ","timestamp":"2025-06-21T11:38:29.531Z"}
{"level":"debug","message":"Failed to delete message ","timestamp":"2025-06-21T11:40:38.943Z"}
{"level":"debug","message":"Failed to delete message ","timestamp":"2025-06-21T11:41:54.703Z"}
{"level":"debug","message":"Failed to delete message ","timestamp":"2025-06-21T11:42:02.597Z"}
{"level":"debug","message":"Failed to delete message ","timestamp":"2025-06-21T11:46:42.918Z"}
{"level":"debug","message":"Failed to delete message ","timestamp":"2025-06-21T11:52:06.509Z"}
{"level":"debug","message":"Failed to delete message ","timestamp":"2025-06-21T11:53:42.954Z"}
{"level":"debug","message":"Failed to delete message ","timestamp":"2025-06-21T11:54:06.906Z"}
{"level":"debug","message":"Failed to delete message ","timestamp":"2025-06-21T11:54:27.322Z"}
{"level":"debug","message":"Failed to delete message ","timestamp":"2025-06-21T11:54:40.022Z"}
{"level":"debug","message":"Failed to delete message ","timestamp":"2025-06-21T11:55:09.588Z"}
{"level":"debug","message":"Failed to delete message ","timestamp":"2025-06-21T11:56:32.561Z"}
{"level":"debug","message":"Failed to delete message ","timestamp":"2025-06-21T11:58:11.007Z"}
{"level":"debug","message":"Failed to delete message ","timestamp":"2025-06-21T12:01:10.554Z"}
{"level":"debug","message":"Failed to delete message ","timestamp":"2025-06-21T12:03:20.867Z"}
{"level":"debug","message":"Failed to delete message ","timestamp":"2025-06-21T12:05:57.346Z"}
{"level":"debug","message":"Failed to delete message ","timestamp":"2025-06-21T12:06:44.698Z"}
{"level":"debug","message":"Failed to delete message ","timestamp":"2025-06-21T12:09:23.945Z"}
{"level":"debug","message":"Failed to delete message ","timestamp":"2025-06-21T12:13:13.202Z"}
{"level":"debug","message":"Failed to delete message ","timestamp":"2025-06-21T12:15:15.499Z"}
{"level":"debug","message":"Failed to delete message ","timestamp":"2025-06-21T12:58:30.104Z"}
{"level":"debug","message":"Failed to delete message ","timestamp":"2025-06-21T12:59:58.549Z"}
